# JRE version: OpenJDK Runtime Environment (8.0_242-b01) (build 1.8.0_242-release-1644-b01)
# Java VM: OpenJDK 64-Bit Server VM (25.242-b01 mixed mode windows-amd64 compressed oops)
Heap:
 PSYoungGen      total 199168K, used 152722K [0x00000000d5580000, 0x00000000e3d80000, 0x0000000100000000)
  eden space 164864K, 86% used [0x00000000d5580000,0x00000000de0867f0,0x00000000df680000)
  from space 34304K, 30% used [0x00000000df680000,0x00000000e009e298,0x00000000e1800000)
  to   space 33792K, 0% used [0x00000000e1800000,0x00000000e1800000,0x00000000e3900000)
 ParOldGen       total 192512K, used 72300K [0x0000000080000000, 0x000000008bc00000, 0x00000000d5580000)
  object space 192512K, 37% used [0x0000000080000000,0x000000008469b0f0,0x000000008bc00000)
 Metaspace       used 104553K, capacity 109192K, committed 109360K, reserved 1144832K
  class space    used 13609K, capacity 14494K, committed 14640K, reserved 1048576K
GC Heap History (10 events):
Event: 3780.880 GC heap before
{Heap before GC invocations=33 (full 4):
 PSYoungGen      total 198656K, used 169232K [0x00000000d5580000, 0x00000000e3d80000, 0x0000000100000000)
  eden space 164864K, 100% used [0x00000000d5580000,0x00000000df680000,0x00000000df680000)
  from space 33792K, 12% used [0x00000000e1800000,0x00000000e1c44020,0x00000000e3900000)
  to   space 34304K, 0% used [0x00000000df680000,0x00000000df680000,0x00000000e1800000)
 ParOldGen       total 192512K, used 64476K [0x0000000080000000, 0x000000008bc00000, 0x00000000d5580000)
  object space 192512K, 33% used [0x0000000080000000,0x0000000083ef70d0,0x000000008bc00000)
 Metaspace       used 104118K, capacity 108678K, committed 108976K, reserved 1144832K
  class space    used 13597K, capacity 14459K, committed 14512K, reserved 1048576K
Event: 3780.891 GC heap after
Heap after GC invocations=33 (full 4):
 PSYoungGen      total 199168K, used 2619K [0x00000000d5580000, 0x00000000e3d80000, 0x0000000100000000)
  eden space 164864K, 0% used [0x00000000d5580000,0x00000000d5580000,0x00000000df680000)
  from space 34304K, 7% used [0x00000000df680000,0x00000000df90ec50,0x00000000e1800000)
  to   space 33792K, 0% used [0x00000000e1800000,0x00000000e1800000,0x00000000e3900000)
 ParOldGen       total 192512K, used 68116K [0x0000000080000000, 0x000000008bc00000, 0x00000000d5580000)
  object space 192512K, 35% used [0x0000000080000000,0x0000000084285120,0x000000008bc00000)
 Metaspace       used 104118K, capacity 108678K, committed 108976K, reserved 1144832K
  class space    used 13597K, capacity 14459K, committed 14512K, reserved 1048576K
}
Event: 3781.259 GC heap before
{Heap before GC invocations=34 (full 4):
 PSYoungGen      total 199168K, used 167483K [0x00000000d5580000, 0x00000000e3d80000, 0x0000000100000000)
  eden space 164864K, 100% used [0x00000000d5580000,0x00000000df680000,0x00000000df680000)
  from space 34304K, 7% used [0x00000000df680000,0x00000000df90ec50,0x00000000e1800000)
  to   space 33792K, 0% used [0x00000000e1800000,0x00000000e1800000,0x00000000e3900000)
 ParOldGen       total 192512K, used 68116K [0x0000000080000000, 0x000000008bc00000, 0x00000000d5580000)
  object space 192512K, 35% used [0x0000000080000000,0x0000000084285120,0x000000008bc00000)
 Metaspace       used 104247K, capacity 108762K, committed 108976K, reserved 1144832K
  class space    used 13602K, capacity 14459K, committed 14512K, reserved 1048576K
Event: 3781.267 GC heap after
Heap after GC invocations=34 (full 4):
 PSYoungGen      total 198656K, used 3084K [0x00000000d5580000, 0x00000000e3d80000, 0x0000000100000000)
  eden space 164864K, 0% used [0x00000000d5580000,0x00000000d5580000,0x00000000df680000)
  from space 33792K, 9% used [0x00000000e1800000,0x00000000e1b03390,0x00000000e3900000)
  to   space 34304K, 0% used [0x00000000df680000,0x00000000df680000,0x00000000e1800000)
 ParOldGen       total 192512K, used 69444K [0x0000000080000000, 0x000000008bc00000, 0x00000000d5580000)
  object space 192512K, 36% used [0x0000000080000000,0x00000000843d11a8,0x000000008bc00000)
 Metaspace       used 104247K, capacity 108762K, committed 108976K, reserved 1144832K
  class space    used 13602K, capacity 14459K, committed 14512K, reserved 1048576K
}
Event: 3781.594 GC heap before
{Heap before GC invocations=35 (full 4):
 PSYoungGen      total 198656K, used 167948K [0x00000000d5580000, 0x00000000e3d80000, 0x0000000100000000)
  eden space 164864K, 100% used [0x00000000d5580000,0x00000000df680000,0x00000000df680000)
  from space 33792K, 9% used [0x00000000e1800000,0x00000000e1b03390,0x00000000e3900000)
  to   space 34304K, 0% used [0x00000000df680000,0x00000000df680000,0x00000000e1800000)
 ParOldGen       total 192512K, used 69444K [0x0000000080000000, 0x000000008bc00000, 0x00000000d5580000)
  object space 192512K, 36% used [0x0000000080000000,0x00000000843d11a8,0x000000008bc00000)
 Metaspace       used 104327K, capacity 108876K, committed 109104K, reserved 1144832K
  class space    used 13604K, capacity 14492K, committed 14640K, reserved 1048576K
Event: 3781.599 GC heap after
Heap after GC invocations=35 (full 4):
 PSYoungGen      total 199168K, used 1416K [0x00000000d5580000, 0x00000000e3d80000, 0x0000000100000000)
  eden space 164864K, 0% used [0x00000000d5580000,0x00000000d5580000,0x00000000df680000)
  from space 34304K, 4% used [0x00000000df680000,0x00000000df7e2010,0x00000000e1800000)
  to   space 33792K, 0% used [0x00000000e1800000,0x00000000e1800000,0x00000000e3900000)
 ParOldGen       total 192512K, used 70752K [0x0000000080000000, 0x000000008bc00000, 0x00000000d5580000)
  object space 192512K, 36% used [0x0000000080000000,0x00000000845182b8,0x000000008bc00000)
 Metaspace       used 104327K, capacity 108876K, committed 109104K, reserved 1144832K
  class space    used 13604K, capacity 14492K, committed 14640K, reserved 1048576K
}
Event: 3781.962 GC heap before
{Heap before GC invocations=36 (full 4):
 PSYoungGen      total 199168K, used 166280K [0x00000000d5580000, 0x00000000e3d80000, 0x0000000100000000)
  eden space 164864K, 100% used [0x00000000d5580000,0x00000000df680000,0x00000000df680000)
  from space 34304K, 4% used [0x00000000df680000,0x00000000df7e2010,0x00000000e1800000)
  to   space 33792K, 0% used [0x00000000e1800000,0x00000000e1800000,0x00000000e3900000)
 ParOldGen       total 192512K, used 70752K [0x0000000080000000, 0x000000008bc00000, 0x00000000d5580000)
  object space 192512K, 36% used [0x0000000080000000,0x00000000845182b8,0x000000008bc00000)
 Metaspace       used 104470K, capacity 109096K, committed 109360K, reserved 1144832K
  class space    used 13606K, capacity 14492K, committed 14640K, reserved 1048576K
Event: 3781.970 GC heap after
Heap after GC invocations=36 (full 4):
 PSYoungGen      total 198656K, used 1680K [0x00000000d5580000, 0x00000000e3d80000, 0x0000000100000000)
  eden space 164864K, 0% used [0x00000000d5580000,0x00000000d5580000,0x00000000df680000)
  from space 33792K, 4% used [0x00000000e1800000,0x00000000e19a42a8,0x00000000e3900000)
  to   space 34304K, 0% used [0x00000000df680000,0x00000000df680000,0x00000000e1800000)
 ParOldGen       total 192512K, used 71524K [0x0000000080000000, 0x000000008bc00000, 0x00000000d5580000)
  object space 192512K, 37% used [0x0000000080000000,0x00000000845d92b8,0x000000008bc00000)
 Metaspace       used 104470K, capacity 109096K, committed 109360K, reserved 1144832K
  class space    used 13606K, capacity 14492K, committed 14640K, reserved 1048576K
}
Event: 3782.254 GC heap before
{Heap before GC invocations=37 (full 4):
 PSYoungGen      total 198656K, used 166544K [0x00000000d5580000, 0x00000000e3d80000, 0x0000000100000000)
  eden space 164864K, 100% used [0x00000000d5580000,0x00000000df680000,0x00000000df680000)
  from space 33792K, 4% used [0x00000000e1800000,0x00000000e19a42a8,0x00000000e3900000)
  to   space 34304K, 0% used [0x00000000df680000,0x00000000df680000,0x00000000e1800000)
 ParOldGen       total 192512K, used 71524K [0x0000000080000000, 0x000000008bc00000, 0x00000000d5580000)
  object space 192512K, 37% used [0x0000000080000000,0x00000000845d92b8,0x000000008bc00000)
 Metaspace       used 104528K, capacity 109176K, committed 109360K, reserved 1144832K
  class space    used 13608K, capacity 14492K, committed 14640K, reserved 1048576K
Event: 3782.266 GC heap after
Heap after GC invocations=37 (full 4):
 PSYoungGen      total 199168K, used 10360K [0x00000000d5580000, 0x00000000e3d80000, 0x0000000100000000)
  eden space 164864K, 0% used [0x00000000d5580000,0x00000000d5580000,0x00000000df680000)
  from space 34304K, 30% used [0x00000000df680000,0x00000000e009e298,0x00000000e1800000)
  to   space 33792K, 0% used [0x00000000e1800000,0x00000000e1800000,0x00000000e3900000)
 ParOldGen       total 192512K, used 72300K [0x0000000080000000, 0x000000008bc00000, 0x00000000d5580000)
  object space 192512K, 37% used [0x0000000080000000,0x000000008469b0f0,0x000000008bc00000)
 Metaspace       used 104528K, capacity 109176K, committed 109360K, reserved 1144832K
  class space    used 13608K, capacity 14492K, committed 14640K, reserved 1048576K
}

